<?xml version="1.0" encoding="UTF-8" ?>
<testsuite errors="0" failures="0" hostname="ip-172-31-31-166" name="net.sourceforge.cruisecontrol.sampleproject.connectfour.CellTest" skipped="0" tests="1" time="0.057" timestamp="2022-02-15T03:20:36">
  <properties>
    <property name="ant.project.invoked-targets" value="all" />
    <property name="java.runtime.name" value="Java(TM) SE Runtime Environment" />
    <property name="sun.boot.library.path" value="/opt/jdk1.8.0_311/jre/lib/amd64" />
    <property name="java.vm.version" value="25.311-b11" />
    <property name="ant.library.dir" value="/opt/apache-ant-1.10.12/lib" />
    <property name="ant.version" value="Apache Ant(TM) version 1.10.12 compiled on October 13 2021" />
    <property name="ant.java.version" value="1.8" />
    <property name="java.vm.vendor" value="Oracle Corporation" />
    <property name="java.vendor.url" value="http://java.oracle.com/" />
    <property name="path.separator" value=":" />
    <property name="java.vm.name" value="Java HotSpot(TM) 64-Bit Server VM" />
    <property name="file.encoding.pkg" value="sun.io" />
    <property name="sun.java.launcher" value="SUN_STANDARD" />
    <property name="sun.os.patch.level" value="unknown" />
    <property name="java.vm.specification.name" value="Java Virtual Machine Specification" />
    <property name="user.dir" value="/root/connect-four" />
    <property name="java.runtime.version" value="1.8.0_311-b11" />
    <property name="java.awt.graphicsenv" value="sun.awt.X11GraphicsEnvironment" />
    <property name="basedir" value="/root/connect-four" />
    <property name="java.endorsed.dirs" value="/opt/jdk1.8.0_311/jre/lib/endorsed" />
    <property name="os.arch" value="amd64" />
    <property name="ant.project.default-target" value="all" />
    <property name="java.io.tmpdir" value="/tmp" />
    <property name="ant.core.lib" value="/opt/apache-ant-1.10.12/lib/ant.jar" />
    <property name="line.separator" value="&#xa;" />
    <property name="java.vm.specification.vendor" value="Oracle Corporation" />
    <property name="os.name" value="Linux" />
    <property name="ant.file.connectfour" value="/root/connect-four/build.xml" />
    <property name="ant.home" value="/opt/apache-ant-1.10.12" />
    <property name="ant.project.name" value="connectfour" />
    <property name="sun.jnu.encoding" value="UTF-8" />
    <property name="java.library.path" value="/usr/java/packages/lib/amd64:/usr/lib64:/lib64:/lib:/usr/lib" />
    <property name="ant.file.type.connectfour" value="file" />
    <property name="java.specification.name" value="Java Platform API Specification" />
    <property name="java.class.version" value="52.0" />
    <property name="sun.management.compiler" value="HotSpot 64-Bit Tiered Compilers" />
    <property name="os.version" value="5.4.0-1065-aws" />
    <property name="ant.file" value="/root/connect-four/build.xml" />
    <property name="user.home" value="/root" />
    <property name="user.timezone" value="" />
    <property name="java.awt.printerjob" value="sun.print.PSPrinterJob" />
    <property name="file.encoding" value="UTF-8" />
    <property name="java.specification.version" value="1.8" />
    <property name="java.class.path" value="/opt/apache-ant-1.10.12/lib/ant-launcher.jar:/opt/apache-ant-1.10.12/lib/ant-junitlauncher.jar:/opt/apache-ant-1.10.12/lib/ant-apache-bcel.jar:/opt/apache-ant-1.10.12/lib/ant-apache-oro.jar:/opt/apache-ant-1.10.12/lib/ant-commons-logging.jar:/opt/apache-ant-1.10.12/lib/ant-apache-xalan2.jar:/opt/apache-ant-1.10.12/lib/ant-xz.jar:/opt/apache-ant-1.10.12/lib/ant-junit.jar:/opt/apache-ant-1.10.12/lib/ant-antlr.jar:/opt/apache-ant-1.10.12/lib/ant-launcher.jar:/opt/apache-ant-1.10.12/lib/ant-junit4.jar:/opt/apache-ant-1.10.12/lib/ant-apache-resolver.jar:/opt/apache-ant-1.10.12/lib/ant-jmf.jar:/opt/apache-ant-1.10.12/lib/ant-swing.jar:/opt/apache-ant-1.10.12/lib/ant-apache-bsf.jar:/opt/apache-ant-1.10.12/lib/ant-testutil.jar:/opt/apache-ant-1.10.12/lib/ant-imageio.jar:/opt/apache-ant-1.10.12/lib/ant-jsch.jar:/opt/apache-ant-1.10.12/lib/ant-apache-log4j.jar:/opt/apache-ant-1.10.12/lib/ant-jai.jar:/opt/apache-ant-1.10.12/lib/ant-commons-net.jar:/opt/apache-ant-1.10.12/lib/ant-netrexx.jar:/opt/apache-ant-1.10.12/lib/ant-jdepend.jar:/opt/apache-ant-1.10.12/lib/ant-apache-regexp.jar:/opt/apache-ant-1.10.12/lib/ant-javamail.jar:/opt/apache-ant-1.10.12/lib/ant.jar:/opt/jdk1.8.0_311/lib/tools.jar" />
    <property name="user.name" value="root" />
    <property name="java.vm.specification.version" value="1.8" />
    <property name="java.home" value="/opt/jdk1.8.0_311/jre" />
    <property name="sun.java.command" value="org.apache.tools.ant.launch.Launcher -cp " />
    <property name="sun.arch.data.model" value="64" />
    <property name="user.language" value="en" />
    <property name="java.specification.vendor" value="Oracle Corporation" />
    <property name="awt.toolkit" value="sun.awt.X11.XToolkit" />
    <property name="java.vm.info" value="mixed mode" />
    <property name="java.version" value="1.8.0_311" />
    <property name="java.ext.dirs" value="/opt/jdk1.8.0_311/jre/lib/ext:/usr/java/packages/lib/ext" />
    <property name="sun.boot.class.path" value="/opt/jdk1.8.0_311/jre/lib/resources.jar:/opt/jdk1.8.0_311/jre/lib/rt.jar:/opt/jdk1.8.0_311/jre/lib/sunrsasign.jar:/opt/jdk1.8.0_311/jre/lib/jsse.jar:/opt/jdk1.8.0_311/jre/lib/jce.jar:/opt/jdk1.8.0_311/jre/lib/charsets.jar:/opt/jdk1.8.0_311/jre/lib/jfr.jar:/opt/jdk1.8.0_311/jre/classes" />
    <property name="java.vendor" value="Oracle Corporation" />
    <property name="file.separator" value="/" />
    <property name="java.vendor.url.bug" value="http://bugreport.sun.com/bugreport/" />
    <property name="sun.cpu.endian" value="little" />
    <property name="sun.io.unicode.encoding" value="UnicodeLittle" />
    <property name="ant.file.type" value="file" />
    <property name="sun.cpu.isalist" value="" />
  </properties>
  <testcase classname="net.sourceforge.cruisecontrol.sampleproject.connectfour.CellTest" name="testConstructor" time="0.001" />
  <system-out><![CDATA[]]></system-out>
  <system-err><![CDATA[]]></system-err>
</testsuite>
